app/build/outputs/mapping/release/seeds.txt
com.user.comparePhones.BrowseActivity
com.user.comparePhones.BrowseActivity: BrowseActivity()
com.user.comparePhones.CompareActivity
com.user.comparePhones.CompareActivity: CompareActivity()
com.user.comparePhones.MainActivity
com.user.comparePhones.MainActivity: MainActivity()
com.user.comparePhones.R$attr: int adSize
com.user.comparePhones.R$attr: int adSizes
com.user.comparePhones.R$attr: int adUnitId
com.user.comparePhones.R$attr: int appTheme
com.user.comparePhones.R$attr: int buyButtonAppearance
com.user.comparePhones.R$attr: int buyButtonHeight
com.user.comparePhones.R$attr: int buyButtonText
com.user.comparePhones.R$attr: int buyButtonWidth
com.user.comparePhones.R$attr: int cameraBearing
com.user.comparePhones.R$attr: int cameraTargetLat
com.user.comparePhones.R$attr: int cameraTargetLng
com.user.comparePhones.R$attr: int cameraTilt
com.user.comparePhones.R$attr: int cameraZoom
com.user.comparePhones.R$attr: int circleCrop
com.user.comparePhones.R$attr: int environment
com.user.comparePhones.R$attr: int fragmentMode
com.user.comparePhones.R$attr: int fragmentStyle
com.user.comparePhones.R$attr: int imageAspectRatio
com.user.comparePhones.R$attr: int imageAspectRatioAdjust
com.user.comparePhones.R$attr: int liteMode
com.user.comparePhones.R$attr: int mapType
com.user.comparePhones.R$attr: int maskedWalletDetailsBackground
com.user.comparePhones.R$attr: int maskedWalletDetailsButtonBackground
com.user.comparePhones.R$attr: int maskedWalletDetailsButtonTextAppearance
com.user.comparePhones.R$attr: int maskedWalletDetailsHeaderTextAppearance
com.user.comparePhones.R$attr: int maskedWalletDetailsLogoImageType
com.user.comparePhones.R$attr: int maskedWalletDetailsLogoTextColor
com.user.comparePhones.R$attr: int maskedWalletDetailsTextAppearance
com.user.comparePhones.R$color: int android_blue
com.user.comparePhones.R$color: int android_darkblue
com.user.comparePhones.R$color: int black
com.user.comparePhones.R$color: int common_action_bar_splitter
com.user.comparePhones.R$color: int common_signin_btn_dark_text_default
com.user.comparePhones.R$color: int common_signin_btn_dark_text_disabled
com.user.comparePhones.R$color: int common_signin_btn_dark_text_focused
com.user.comparePhones.R$color: int common_signin_btn_dark_text_pressed
com.user.comparePhones.R$color: int common_signin_btn_default_background
com.user.comparePhones.R$color: int common_signin_btn_light_text_default
com.user.comparePhones.R$color: int common_signin_btn_light_text_disabled
com.user.comparePhones.R$color: int common_signin_btn_light_text_focused
com.user.comparePhones.R$color: int common_signin_btn_light_text_pressed
com.user.comparePhones.R$color: int common_signin_btn_text_dark
com.user.comparePhones.R$color: int common_signin_btn_text_light
com.user.comparePhones.R$color: int darkgray
com.user.comparePhones.R$color: int darkgray_browselist
com.user.comparePhones.R$color: int gray_clicked
com.user.comparePhones.R$color: int gray_unclicked
com.user.comparePhones.R$color: int wallet_bright_foreground_disabled_holo_light
com.user.comparePhones.R$color: int wallet_bright_foreground_holo_dark
com.user.comparePhones.R$color: int wallet_bright_foreground_holo_light
com.user.comparePhones.R$color: int wallet_dim_foreground_disabled_holo_dark
com.user.comparePhones.R$dimen: int activity_horizontal_margin
com.user.comparePhones.R$dimen: int activity_vertical_margin
...
com.google.android.gms.maps.model.internal.MarkerOptionsParcelable
com.google.android.gms.maps.model.internal.MarkerOptionsParcelable: com.google.android.gms.maps.model.internal.zzm CREATOR
com.google.android.gms.nearby.R$attr: int adSize
com.google.android.gms.nearby.R$attr: int adSizes
com.google.android.gms.nearby.R$attr: int adUnitId
com.google.android.gms.nearby.R$attr: int appTheme
com.google.android.gms.nearby.R$attr: int buyButtonAppearance
com.google.android.gms.nearby.R$attr: int buyButtonHeight
com.google.android.gms.nearby.R$attr: int buyButtonText
com.google.android.gms.nearby.R$attr: int buyButtonWidth
com.google.android.gms.nearby.R$attr: int cameraBearing
com.google.android.gms.nearby.R$attr: int cameraTargetLat
com.google.android.gms.nearby.R$attr: int cameraTargetLng
com.google.android.gms.nearby.R$attr: int cameraTilt
com.google.android.gms.nearby.R$attr: int cameraZoom
com.google.android.gms.nearby.R$attr: int circleCrop
com.google.android.gms.nearby.R$attr: int environment
com.google.android.gms.nearby.R$attr: int fragmentMode
com.google.android.gms.nearby.R$attr: int fragmentStyle
com.google.android.gms.nearby.R$attr: int imageAspectRatio
com.google.android.gms.nearby.R$attr: int imageAspectRatioAdjust
com.google.android.gms.nearby.R$attr: int liteMode
com.google.android.gms.nearby.R$attr: int mapType
com.google.android.gms.nearby.R$attr: int maskedWalletDetailsBackground
com.google.android.gms.nearby.R$attr: int maskedWalletDetailsButtonBackground
com.google.android.gms.nearby.R$attr: int maskedWalletDetailsButtonTextAppearance
com.google.android.gms.nearby.R$attr: int maskedWalletDetailsHeaderTextAppearance
com.google.android.gms.nearby.R$color: int common_action_bar_splitter
com.google.android.gms.nearby.R$color: int common_signin_btn_dark_text_default
com.google.android.gms.nearby.R$color: int common_signin_btn_dark_text_disabled
com.google.android.gms.nearby.R$color: int common_signin_btn_dark_text_focused
com.google.android.gms.nearby.R$color: int common_signin_btn_dark_text_pressed
com.google.android.gms.nearby.R$color: int common_signin_btn_default_background
com.google.android.gms.nearby.R$color: int common_signin_btn_light_text_default
com.google.android.gms.nearby.R$color: int common_signin_btn_light_text_disabled
com.google.android.gms.nearby.R$color: int common_signin_btn_light_text_focused
com.google.android.gms.nearby.R$color: int common_signin_btn_light_text_pressed
com.google.android.gms.nearby.R$color: int common_signin_btn_text_dark
com.google.android.gms.nearby.R$color: int common_signin_btn_text_light
com.google.android.gms.nearby.R$color: int wallet_bright_foreground_disabled_holo_light
com.google.android.gms.nearby.R$color: int wallet_bright_foreground_holo_dark
com.google.android.gms.nearby.R$color: int wallet_bright_foreground_holo_light
com.google.android.gms.nearby.R$color: int wallet_dim_foreground_disabled_holo_dark
com.google.android.gms.nearby.R$color: int wallet_dim_foreground_holo_dark
com.google.android.gms.nearby.R$color: int wallet_dim_foreground_inverse_disabled_holo_dark