app/build/outputs/mapping/release/mapping.txt
com.user.comparePhones.AttFilter -> com.user.comparePhones.a:
    java.lang.String makeAttPresentable(java.lang.String) -> a
    java.lang.String filterChars(java.lang.String,java.lang.String) -> a
com.user.comparePhones.AttributeAdapter -> com.user.comparePhones.b:
    int gray -> a
    int darkGray -> b
    android.view.View getView(int,android.view.View,android.view.ViewGroup) -> getView
com.user.comparePhones.BrowseActivity -> com.user.comparePhones.BrowseActivity:
    android.widget.ListView listView -> a
    android.widget.SearchView searchView -> b
    android.widget.ToggleButton toggleAndroid -> c
    android.widget.ToggleButton toggleiOS -> d
    android.widget.ToggleButton toggleBBOS -> e
    android.widget.ToggleButton toggleWinOS -> f
    android.widget.ToggleButton toggleOtherOS -> g
    android.widget.ToggleButton toggleSamsung -> h
    android.widget.ToggleButton toggleHTC -> i
    android.widget.ToggleButton toggleApple -> j
    android.widget.ToggleButton toggleBlackBerry -> k
    android.widget.ToggleButton toggleNokia -> l
    android.widget.ToggleButton toggleMotorola -> m
    android.widget.ToggleButton toggleSony -> n
    android.widget.ToggleButton toggleLG -> o
    android.widget.ToggleButton toggleSmall -> p
    android.widget.ToggleButton toggleMedium -> q
    android.widget.ToggleButton toggleLarge -> r
    com.user.comparePhones.ButtonManager mButtonManager -> s
    void onCreate(android.os.Bundle) -> onCreate
    boolean onQueryTextChange(java.lang.String) -> onQueryTextChange
    boolean onQueryTextSubmit(java.lang.String) -> onQueryTextSubmit
    boolean onClose() -> onClose
    void setFromPrevBM(boolean,android.widget.ToggleButton) -> a
    void setToggleButtonsFromPrevBM() -> a
    void showResults(java.lang.String) -> a
    void setNewButtonManager() -> b
    void onBackPressed() -> onBackPressed
com.user.comparePhones.BrowseActivity$1 -> com.user.comparePhones.c:
    com.user.comparePhones.BrowseActivity this$0 -> a
    void onItemClick(android.widget.AdapterView,android.view.View,int,long) -> onItemClick
com.user.comparePhones.ButtonManager -> com.user.comparePhones.d:
    boolean isToggledAndroid -> a
    boolean isTogglediOS -> b
    boolean isToggledBBOS -> c
    boolean isToggledWinOS -> d
    boolean isToggledOtherOS -> e
    boolean isToggledSamsung -> f
    boolean isToggledHTC -> g
    boolean isToggledApple -> h
    boolean isToggledBlackBerry -> i
    boolean isToggledNokia -> j
    boolean isToggledMotorola -> k
    boolean isToggledSony -> l
    boolean isToggledLG -> m
    boolean isToggledSmall -> n
    boolean isToggledMedium -> o
    boolean isToggledLarge -> p
com.user.comparePhones.CompareActivity -> com.user.comparePhones.CompareActivity:
    android.widget.TextView phone1NameHeader -> a
    android.widget.TextView phone2NameHeader -> b
    void onCreate(android.os.Bundle) -> onCreate
com.user.comparePhones.DBController -> com.user.comparePhones.e:
    android.database.sqlite.SQLiteDatabase phoneDB -> a
    android.database.Cursor searchPhone(java.lang.String,com.user.comparePhones.ButtonManager) -> a
    android.database.Cursor searchFullPhones(java.lang.String,java.lang.String) -> a
    java.lang.String checkFirstCondition(boolean) -> a
    java.lang.String queryBuilder(com.user.comparePhones.ButtonManager) -> a
com.user.comparePhones.DBInitializer -> com.user.comparePhones.f:
    java.lang.String TAG -> a
    java.lang.String DB_PATH -> b
    java.lang.String DB_NAME -> c
    android.database.sqlite.SQLiteDatabase database -> d
    android.content.Context context -> e
    void createDB() -> a
    boolean checkDB() -> c
    void copyDB() -> d
    android.database.sqlite.SQLiteDatabase openDataBase() -> b
    void close() -> close
    void onCreate(android.database.sqlite.SQLiteDatabase) -> onCreate
    void onUpgrade(android.database.sqlite.SQLiteDatabase,int,int) -> onUpgrade
...
com.google.android.gms.auth.AccountChangeEventsResponse -> com.google.android.gms.auth.AccountChangeEventsResponse:
    com.google.android.gms.auth.AccountChangeEventsResponseCreator CREATOR -> CREATOR
    int zzKu -> a
    java.util.List zznq -> b
    void writeToParcel(android.os.Parcel,int) -> writeToParcel
    int describeContents() -> describeContents
com.google.android.gms.auth.AccountChangeEventsResponseCreator -> com.google.android.gms.auth.c:
    com.google.android.gms.auth.AccountChangeEventsResponse createFromParcel(android.os.Parcel) -> a
    com.google.android.gms.auth.AccountChangeEventsResponse[] newArray(int) -> a
    void zza(com.google.android.gms.auth.AccountChangeEventsResponse,android.os.Parcel,int) -> a
    java.lang.Object[] newArray(int) -> newArray
    java.lang.Object createFromParcel(android.os.Parcel) -> createFromParcel
com.google.android.gms.cast.ApplicationMetadata -> com.google.android.gms.cast.ApplicationMetadata:
    android.os.Parcelable$Creator CREATOR -> CREATOR
    int zzzH -> g
    java.lang.String zzLD -> a
    java.lang.String mName -> b
    java.util.List zzLE -> c
    java.util.List zzLF -> d
    java.lang.String zzLG -> e
    android.net.Uri zzLH -> f
    int getVersionCode() -> a
    java.lang.String getApplicationId() -> b
    java.lang.String getName() -> c
    java.lang.String getSenderAppIdentifier() -> d
    android.net.Uri zzjR() -> e
    java.util.List getImages() -> f
    java.lang.String toString() -> toString
    int describeContents() -> describeContents
    void writeToParcel(android.os.Parcel,int) -> writeToParcel
    int hashCode() -> hashCode
    boolean equals(java.lang.Object) -> equals
com.google.android.gms.cast.CastDevice -> com.google.android.gms.cast.CastDevice:
    android.os.Parcelable$Creator CREATOR -> CREATOR
    int zzzH -> b
    java.lang.String zzLV -> c
    java.lang.String zzLW -> a
    java.net.Inet4Address zzLX -> d
    java.lang.String zzLY -> e
    java.lang.String zzLZ -> f
    java.lang.String zzMa -> g
    int zzMb -> h
    java.util.List zzMc -> i
    int zzMd -> j
    int zzue -> k
    int getVersionCode() -> a
    java.lang.String getDeviceId() -> b
    java.lang.String getFriendlyName() -> c
    java.lang.String getModelName() -> d
    java.lang.String getDeviceVersion() -> e
    int getServicePort() -> f
    java.util.List getIcons() -> g
    int getCapabilities() -> h
    int getStatus() -> i
    java.lang.String toString() -> toString
    int describeContents() -> describeContents
    void writeToParcel(android.os.Parcel,int) -> writeToParcel
    boolean equals(java.lang.Object) -> equals
    int hashCode() -> hashCode
com.google.android.gms.cast.LaunchOptions -> com.google.android.gms.cast.LaunchOptions:
    android.os.Parcelable$Creator CREATOR -> CREATOR
    int zzzH -> a
    boolean zzMe -> b
    java.lang.String zzMf -> c
    int getVersionCode() -> a
    boolean getRelaunchIfRunning() -> b
    java.lang.String getLanguage() -> c
    java.lang.String toString() -> toString
    int describeContents() -> describeContents
    void writeToParcel(android.os.Parcel,int) -> writeToParcel
    boolean equals(java.lang.Object) -> equals
    int hashCode() -> hashCode
com.google.android.gms.cast.internal.ApplicationStatus -> com.google.android.gms.cast.internal.ApplicationStatus:
    android.os.Parcelable$Creator CREATOR -> CREATOR
    int zzzH -> a
    java.lang.String zzNq -> b
    int getVersionCode() -> a
    java.lang.String zzjV() -> b
    int describeContents() -> describeContents
    void writeToParcel(android.os.Parcel,int) -> writeToParcel
    boolean equals(java.lang.Object) -> equals
    int hashCode() -> hashCode