app/build/outputs/mapping/release/usage.txt
com.user.comparePhones.AttFilter:
    4:4:public AttFilter()
com.user.comparePhones.BuildConfig
com.user.comparePhones.DBController:
    12:13:private DBController()
    16:23:public static android.database.Cursor searchPhone(java.lang.String)
com.user.comparePhones.R
com.user.comparePhones.R$attr
com.user.comparePhones.R$color
com.user.comparePhones.R$dimen
com.user.comparePhones.R$drawable
com.user.comparePhones.R$id
com.user.comparePhones.R$integer
com.user.comparePhones.R$layout
com.user.comparePhones.R$menu
com.user.comparePhones.R$raw
com.user.comparePhones.R$string
com.user.comparePhones.R$style
com.user.comparePhones.R$styleable
com.user.comparePhones.R$xml
...
com.google.android.gms.ads.AdActivity:
    public static final java.lang.String CLASS_NAME
    public static final java.lang.String SIMPLE_CLASS_NAME
com.google.android.gms.ads.AdRequest:
    public static final int ERROR_CODE_INTERNAL_ERROR
    public static final int ERROR_CODE_INVALID_REQUEST
    public static final int ERROR_CODE_NETWORK_ERROR
    public static final int ERROR_CODE_NO_FILL
    public static final int GENDER_UNKNOWN
    public static final int GENDER_MALE
    public static final int GENDER_FEMALE
    public static final int MAX_CONTENT_URL_LENGTH
    public java.util.Date getBirthday()
    public java.lang.String getContentUrl()
    public int getGender()
    public java.util.Set getKeywords()
    public android.location.Location getLocation()
    public com.google.android.gms.ads.mediation.NetworkExtras getNetworkExtras(java.lang.Class)
    public android.os.Bundle getNetworkExtrasBundle(java.lang.Class)
    public android.os.Bundle getCustomEventExtrasBundle(java.lang.Class)
    public boolean isTestDevice(android.content.Context)
com.google.android.gms.ads.AdRequest$Builder:
    public com.google.android.gms.ads.AdRequest$Builder addNetworkExtras(com.google.android.gms.ads.mediation.NetworkExtras)
    public com.google.android.gms.ads.AdRequest$Builder addCustomEventExtrasBundle(java.lang.Class,android.os.Bundle)
    public com.google.android.gms.ads.AdRequest$Builder setContentUrl(java.lang.String)
    public com.google.android.gms.ads.AdRequest$Builder setRequestAgent(java.lang.String)
com.google.android.gms.ads.AdSize:
    public static final int FULL_WIDTH
    public static final int AUTO_HEIGHT
    public boolean isAutoHeight()
    public boolean isFullWidth()
com.google.android.gms.ads.AdView:
    public AdView(android.content.Context,android.util.AttributeSet)
    public AdView(android.content.Context,android.util.AttributeSet,int)
    public void setPlayStorePurchaseParams(com.google.android.gms.ads.purchase.PlayStorePurchaseListener,java.lang.String)
com.google.android.gms.ads.InterstitialAd:
    public com.google.android.gms.ads.AdListener getAdListener()
    public java.lang.String getAdUnitId()
    public com.google.android.gms.ads.purchase.InAppPurchaseListener getInAppPurchaseListener()
    public void setInAppPurchaseListener(com.google.android.gms.ads.purchase.InAppPurchaseListener)
    public void setPlayStorePurchaseParams(com.google.android.gms.ads.purchase.PlayStorePurchaseListener,java.lang.String)
    public java.lang.String getMediationAdapterClassName()
com.google.android.gms.ads.R
com.google.android.gms.ads.R$attr
com.google.android.gms.ads.R$color
com.google.android.gms.ads.R$drawable
com.google.android.gms.ads.R$id
com.google.android.gms.ads.R$integer
com.google.android.gms.ads.R$raw
com.google.android.gms.ads.R$string
com.google.android.gms.ads.R$style
com.google.android.gms.ads.R$styleable
com.google.android.gms.ads.doubleclick.CustomRenderedAd:
    public abstract java.lang.String getBaseUrl()
    public abstract java.lang.String getContent()
    public abstract void onAdRendered(android.view.View)
    public abstract void recordClick()
    public abstract void recordImpression()
com.google.android.gms.ads.doubleclick.PublisherAdRequest
com.google.android.gms.ads.doubleclick.PublisherAdRequest$1
com.google.android.gms.ads.doubleclick.PublisherAdRequest$Builder
com.google.android.gms.ads.doubleclick.PublisherAdView